[2022-10-01T16:49:41.737Z] info Listening on port 8080
[2022-10-01T16:49:42.469Z] info DB connected
[2022-10-01T16:50:08.165Z] info Petición aceptada
[2022-10-01T16:50:08.231Z] info Petición recibida
[2022-10-01T16:50:21.894Z] info Petición aceptada
[2022-10-01T16:50:21.910Z] info Petición recibida
[2022-10-01T16:50:54.741Z] info Petición aceptada
[2022-10-01T16:50:54.744Z] info Petición recibida
[2022-10-01T16:50:58.098Z] info Petición aceptada
[2022-10-01T16:50:58.101Z] info Petición recibida
[2022-10-01T19:50:07.714Z] info Listening on port 8080
[2022-10-01T19:50:08.435Z] info DB connected
[2022-10-01T19:50:56.375Z] info Petición aceptada
[2022-10-01T19:50:56.399Z] info Petición recibida
[2022-10-01T19:51:33.889Z] info Delete Customer with id: 3482
[2022-10-01T19:51:34.095Z] info Petición aceptada
[2022-10-01T19:51:52.675Z] info Petición aceptada
[2022-10-01T19:51:52.698Z] info Petición recibida
[2022-10-01T21:12:17.402Z] info Listening on port 8080
[2022-10-01T21:12:18.192Z] info DB connected
[2022-10-01T21:15:51.400Z] info Petición aceptada
[2022-10-01T21:15:51.415Z] info Petición recibida
[2022-10-01T21:18:19.041Z] info Petición aceptada
[2022-10-01T21:18:19.098Z] info Petición recibida
[2022-10-01T21:18:54.188Z] info Petición aceptada
[2022-10-01T21:18:54.192Z] info Petición recibida
[2022-10-01T21:19:35.893Z] info Petición aceptada
[2022-10-01T21:19:35.895Z] info Petición recibida
[2022-10-01T21:24:21.306Z] info Petición aceptada
[2022-10-01T21:24:21.356Z] info Petición recibida
[2022-10-01T21:24:28.616Z] info Petición aceptada
[2022-10-01T21:24:28.628Z] info Petición recibida
[2022-10-01T21:31:47.399Z] info Petición aceptada
[2022-10-01T21:31:47.465Z] info Petición recibida
[2022-10-01T21:31:56.621Z] info Petición aceptada
[2022-10-01T21:31:56.639Z] info Petición recibida
[2022-10-01T21:32:58.379Z] info Petición aceptada
[2022-10-01T21:32:58.394Z] info Petición recibida
[2022-10-01T21:33:03.359Z] info Petición aceptada
[2022-10-01T21:33:03.373Z] info Petición recibida
[2022-10-01T21:35:18.078Z] info Petición aceptada
[2022-10-01T21:35:18.090Z] info Petición recibida
[2022-10-01T21:35:41.694Z] info Petición aceptada
[2022-10-01T21:35:41.704Z] info Petición recibida
[2022-10-01T21:36:50.658Z] info Petición aceptada
[2022-10-01T21:36:50.669Z] info Petición recibida
[2022-10-01T21:37:12.795Z] info Petición aceptada
[2022-10-01T21:37:12.810Z] info Petición recibida
[2022-10-01T21:39:28.000Z] info Petición aceptada
[2022-10-01T21:39:28.017Z] info Petición recibida
[2022-10-01T21:39:59.068Z] info Petición aceptada
[2022-10-01T21:39:59.075Z] info Petición recibida
[2022-10-01T21:39:59.351Z] info Petición aceptada
[2022-10-01T21:39:59.353Z] info Petición recibida
[2022-10-01T21:40:13.663Z] info Petición aceptada
[2022-10-01T21:40:13.670Z] info Petición recibida
[2022-10-01T21:40:35.748Z] info Petición aceptada
[2022-10-01T21:40:35.759Z] info Petición recibida
[2022-10-01T21:40:40.878Z] info Petición aceptada
[2022-10-01T21:40:40.885Z] info Petición recibida
[2022-10-01T21:40:51.143Z] info Petición aceptada
[2022-10-01T21:40:51.247Z] info Petición recibida
[2022-10-01T21:40:56.111Z] info Petición aceptada
[2022-10-01T21:40:56.119Z] info Petición recibida
[2022-10-01T21:41:49.002Z] info Petición aceptada
[2022-10-01T21:41:49.005Z] info Petición recibida
[2022-10-01T21:41:53.027Z] info Petición aceptada
[2022-10-01T21:41:53.103Z] info Petición recibida
[2022-10-01T21:44:16.825Z] info Petición aceptada
[2022-10-01T21:44:16.943Z] info Petición recibida
[2022-10-01T21:44:21.656Z] info Petición aceptada
[2022-10-01T21:44:21.665Z] info Petición recibida
[2022-10-01T21:44:31.104Z] info Petición aceptada
[2022-10-01T21:44:31.107Z] info Petición recibida
[2022-10-01T21:44:34.605Z] info Petición aceptada
[2022-10-01T21:44:34.621Z] info Petición recibida
[2022-10-01T21:44:44.033Z] info Petición aceptada
[2022-10-01T21:44:44.039Z] info Petición recibida
[2022-10-01T21:44:48.508Z] info Petición aceptada
[2022-10-01T21:44:48.580Z] info Petición recibida
[2022-10-01T21:47:19.753Z] info Petición aceptada
[2022-10-01T21:47:19.876Z] info Petición recibida
[2022-10-01T21:47:26.181Z] info Petición aceptada
[2022-10-01T21:47:26.198Z] info Petición recibida
[2022-10-01T21:49:05.894Z] info Petición aceptada
[2022-10-01T21:49:05.908Z] info Petición recibida
[2022-10-01T21:52:17.976Z] info Petición aceptada
[2022-10-01T21:52:17.995Z] info Petición recibida
[2022-10-01T21:52:22.767Z] info Petición aceptada
[2022-10-01T21:52:22.785Z] info Petición recibida
[2022-10-01T21:53:29.982Z] info Petición aceptada
[2022-10-01T21:53:29.993Z] info Petición recibida
[2022-10-01T21:53:36.889Z] info Petición aceptada
[2022-10-01T21:53:36.906Z] info Petición recibida
[2022-10-01T21:54:50.560Z] info Petición aceptada
[2022-10-01T21:54:50.574Z] info Petición recibida
[2022-10-01T21:54:59.023Z] info Petición aceptada
[2022-10-01T21:54:59.040Z] info Petición recibida
[2022-10-01T23:06:37.011Z] info Petición aceptada
[2022-10-01T23:06:37.025Z] info Petición recibida
[2022-10-01T23:13:32.924Z] info Petición aceptada
[2022-10-01T23:13:32.963Z] info Petición recibida
[2022-10-01T23:53:52.449Z] info Petición aceptada
[2022-10-01T23:53:52.451Z] info Petición recibida
[2022-10-01T23:57:26.500Z] info Petición aceptada
[2022-10-01T23:57:26.503Z] info Petición recibida
[2022-10-01T23:57:31.177Z] info Petición aceptada
[2022-10-01T23:57:31.179Z] info Petición recibida
[2022-10-02T00:02:18.921Z] info Petición aceptada
[2022-10-02T00:02:18.923Z] info Petición recibida
[2022-10-02T00:02:30.355Z] info Petición aceptada
[2022-10-02T00:02:30.358Z] info Petición recibida
[2022-10-02T00:03:15.820Z] info Petición aceptada
[2022-10-02T00:03:15.869Z] info Petición recibida
[2022-10-02T00:04:22.763Z] info Petición aceptada
[2022-10-02T00:04:22.765Z] info Petición recibida
[2022-10-02T00:04:52.861Z] info Petición aceptada
[2022-10-02T00:04:52.864Z] info Petición recibida
[2022-10-02T00:05:05.446Z] info Petición aceptada
[2022-10-02T00:05:05.465Z] info Petición recibida
[2022-10-02T00:06:06.334Z] info Petición aceptada
[2022-10-02T00:06:06.336Z] info Petición recibida
[2022-10-02T00:06:39.902Z] info Petición aceptada
[2022-10-02T00:06:39.911Z] info Petición recibida
[2022-10-02T00:06:46.024Z] info Petición aceptada
[2022-10-02T00:06:46.083Z] info Petición recibida
[2022-10-02T00:07:37.996Z] info Petición aceptada
[2022-10-02T00:07:38.004Z] info Petición recibida
[2022-10-02T00:08:25.005Z] info Petición aceptada
[2022-10-02T00:08:25.024Z] info Petición recibida
[2022-10-02T00:08:31.741Z] info Petición aceptada
[2022-10-02T00:08:31.745Z] info Petición recibida
[2022-10-02T00:09:21.598Z] info Petición aceptada
[2022-10-02T00:09:21.600Z] info Petición recibida
[2022-10-02T00:09:34.332Z] info Petición aceptada
[2022-10-02T00:09:34.336Z] info Petición recibida
[2022-10-02T00:12:22.724Z] info Petición aceptada
[2022-10-02T00:12:22.731Z] info Petición recibida
[2022-10-02T00:12:28.907Z] info Petición aceptada
[2022-10-02T00:12:28.912Z] info Petición recibida
[2022-10-02T02:18:55.178Z] info Petición aceptada
[2022-10-02T02:18:55.180Z] info Petición recibida
[2022-10-02T02:20:01.383Z] info Petición aceptada
[2022-10-02T02:20:01.386Z] info Petición recibida
[2022-10-02T03:57:38.895Z] info Petición aceptada
[2022-10-02T03:57:38.903Z] info Petición recibida
[2022-10-02T04:04:48.345Z] info Petición aceptada
[2022-10-02T04:04:48.441Z] info Petición recibida
[2022-10-02T11:29:50.125Z] info Listening on port 8080
[2022-10-02T11:30:09.593Z] info Conexión a BD cerrada
[2022-10-02T11:30:11.222Z] info Petición aceptada
[2022-10-02T11:30:11.304Z] info Petición recibida
